<?xml version="1.0" encoding="UTF-8"?>
<testsuite xmlns:xsi="http://www.w3.org/2001/XMLSchema-instance" xsi:noNamespaceSchemaLocation="https://maven.apache.org/surefire/maven-surefire-plugin/xsd/surefire-test-report.xsd" name="epam.testing.Site2Test" time="1.457" tests="2" errors="2" skipped="0" failures="0">
  <properties>
[...]
</properties>
  <testcase name="epam.testing.Site2Test" classname="epam.testing.Site2Test" time="1.456">
    <error message="session not created: Microsoft Edge failed to start: crashed.&#10;  (session not created: DevToolsActivePort file doesn&apos;t exist)&#10;  (The process started from msedge location C:\Program Files (x86)\Microsoft\Edge\Application\msedge.exe is no longer running, so msedgedriver is assuming that msedge has crashed.)&#10;Build info: version: &apos;3.141.59&apos;, revision: &apos;e82be7d358&apos;, time: &apos;2018-11-14T08:17:03&apos;&#10;System info: host: &apos;ANDREY&apos;, ip: &apos;10.208.126.117&apos;, os.name: &apos;Windows 10&apos;, os.arch: &apos;x86&apos;, os.version: &apos;10.0&apos;, java.version: &apos;1.8.0_202&apos;&#10;Driver info: driver.version: EdgeDriver&#10;remote stacktrace: 	GetHandleVerifier [0x00457A53+230547]&#10;	Microsoft::Applications::Events::time_ticks_t::time_ticks_t [0x00333C11+400897]&#10;	Microsoft::Applications::Events::ILogConfiguration::operator* [0x00146070+3568]&#10;	Microsoft::Applications::Events::GUID_t::GUID_t [0x0016C6D8+53976]&#10;	Microsoft::Applications::Events::GUID_t::GUID_t [0x00167CCC+35020]&#10;	Microsoft::Applications::Events::GUID_t::GUID_t [0x00198763+234339]&#10;	Microsoft::Applications::Events::GUID_t::GUID_t [0x0019805C+232540]&#10;	Microsoft::Applications::Events::GUID_t::GUID_t [0x0018EB86+194438]&#10;	Microsoft::Applications::Events::GUID_t::GUID_t [0x00172533+78131]&#10;	Microsoft::Applications::Events::GUID_t::GUID_t [0x00171515+74005]&#10;	Microsoft::Applications::Events::GUID_t::GUID_t [0x00171F3D+76605]&#10;	GetHandleVerifier [0x0054991C+1221468]&#10;	Microsoft::Applications::Events::FromJSON [0x0061A542+132370]&#10;	Microsoft::Applications::Events::FromJSON [0x00619EC7+130711]&#10;	Microsoft::Applications::Events::FromJSON [0x0060ED30+85248]&#10;	Microsoft::Applications::Events::FromJSON [0x0061AF1B+134891]&#10;	Microsoft::Applications::Events::time_ticks_t::time_ticks_t [0x00346ADF+478415]&#10;	Microsoft::Applications::Events::time_ticks_t::time_ticks_t [0x0033C5F8+436200]&#10;	Microsoft::Applications::Events::time_ticks_t::time_ticks_t [0x0033C76B+436571]&#10;	Microsoft::Applications::Events::time_ticks_t::time_ticks_t [0x00326DF4+348132]&#10;	BaseThreadInitThunk [0x76C3FCC9+25]&#10;	RtlGetAppContainerNamedObjectPath [0x774D7C5E+286]&#10;	RtlGetAppContainerNamedObjectPath [0x774D7C2E+238]&#10;	(No symbol) [0x00000000]&#10;" type="org.openqa.selenium.SessionNotCreatedException">org.openqa.selenium.SessionNotCreatedException: 
session not created: Microsoft Edge failed to start: crashed.
  (session not created: DevToolsActivePort file doesn't exist)
  (The process started from msedge location C:\Program Files (x86)\Microsoft\Edge\Application\msedge.exe is no longer running, so msedgedriver is assuming that msedge has crashed.)
Build info: version: '3.141.59', revision: 'e82be7d358', time: '2018-11-14T08:17:03'
System info: host: 'ANDREY', ip: '10.208.126.117', os.name: 'Windows 10', os.arch: 'x86', os.version: '10.0', java.version: '1.8.0_202'
Driver info: driver.version: EdgeDriver
remote stacktrace: 	GetHandleVerifier [0x00457A53+230547]
	Microsoft::Applications::Events::time_ticks_t::time_ticks_t [0x00333C11+400897]
	Microsoft::Applications::Events::ILogConfiguration::operator* [0x00146070+3568]
	Microsoft::Applications::Events::GUID_t::GUID_t [0x0016C6D8+53976]
	Microsoft::Applications::Events::GUID_t::GUID_t [0x00167CCC+35020]
	Microsoft::Applications::Events::GUID_t::GUID_t [0x00198763+234339]
	Microsoft::Applications::Events::GUID_t::GUID_t [0x0019805C+232540]
	Microsoft::Applications::Events::GUID_t::GUID_t [0x0018EB86+194438]
	Microsoft::Applications::Events::GUID_t::GUID_t [0x00172533+78131]
	Microsoft::Applications::Events::GUID_t::GUID_t [0x00171515+74005]
	Microsoft::Applications::Events::GUID_t::GUID_t [0x00171F3D+76605]
	GetHandleVerifier [0x0054991C+1221468]
	Microsoft::Applications::Events::FromJSON [0x0061A542+132370]
	Microsoft::Applications::Events::FromJSON [0x00619EC7+130711]
	Microsoft::Applications::Events::FromJSON [0x0060ED30+85248]
	Microsoft::Applications::Events::FromJSON [0x0061AF1B+134891]
	Microsoft::Applications::Events::time_ticks_t::time_ticks_t [0x00346ADF+478415]
	Microsoft::Applications::Events::time_ticks_t::time_ticks_t [0x0033C5F8+436200]
	Microsoft::Applications::Events::time_ticks_t::time_ticks_t [0x0033C76B+436571]
	Microsoft::Applications::Events::time_ticks_t::time_ticks_t [0x00326DF4+348132]
	BaseThreadInitThunk [0x76C3FCC9+25]
	RtlGetAppContainerNamedObjectPath [0x774D7C5E+286]
	RtlGetAppContainerNamedObjectPath [0x774D7C2E+238]
	(No symbol) [0x00000000]

	at epam.testing.Site2Test.init(Site2Test.java:16)
</error>
    <system-err><![CDATA[Starting Microsoft Edge WebDriver 123.0.2420.81 (8acdca46cf48004ffbe58ea55a26ef75d019022e) on port 11738
To submit feedback, report a bug, or suggest new features, please visit https://github.com/MicrosoftEdge/EdgeWebDriver

Only local connections are allowed.
Please see https://aka.ms/WebDriverSecurity for suggestions on keeping Microsoft Edge WebDriver safe.

Microsoft Edge WebDriver was started successfully.
]]></system-err>
  </testcase>
  <testcase name="epam.testing.Site2Test" classname="epam.testing.Site2Test" time="1.457">
    <error type="java.lang.NullPointerException">java.lang.NullPointerException
	at epam.testing.Site2Test.close(Site2Test.java:37)
</error>
  </testcase>
</testsuite>